\BOOKMARK [1][-]{section*.1}{\376\377\000R\000e\000m\000e\000r\000c\000i\000e\000m\000e\000n\000t\000s}{}% 1
\BOOKMARK [1][-]{section*.2}{\376\377\000R\000\351\000s\000u\000m\000\351}{}% 2
\BOOKMARK [1][-]{section*.2}{\376\377\000L\000i\000s\000t\000e\000\040\000d\000e\000s\000\040\000f\000i\000g\000u\000r\000e\000s}{}% 3
\BOOKMARK [1][-]{section*.2}{\376\377\000L\000i\000s\000t\000e\000\040\000d\000e\000s\000\040\000t\000a\000b\000l\000e\000a\000u\000x}{}% 4
\BOOKMARK [0][-]{chapter.1}{\376\377\000P\000r\000\351\000s\000e\000n\000t\000a\000t\000i\000o\000n\000\040\000d\000u\000\040\000l\000a\000b\000o\000r\000a\000t\000o\000i\000r\000e}{}% 5
\BOOKMARK [1][-]{subsection.1.0.1}{\376\377\000H\000i\000s\000t\000o\000r\000i\000q\000u\000e\000\040\000e\000t\000\040\000a\000c\000t\000i\000v\000i\000t\000\351\000s}{chapter.1}% 6
\BOOKMARK [2][-]{subsection.1.0.2}{\376\377\000L\000a\000\040\000r\000e\000c\000h\000e\000r\000c\000h\000e\000\040\000a\000u\000\040\000C\000M\000A\000P}{subsection.1.0.1}% 7
\BOOKMARK [2][-]{subsection.1.0.3}{\376\377\000L\000'\000\351\000q\000u\000i\000p\000e\000\040\000H\000P\000C\000@\000M\000a\000t\000h\000\040\000e\000t\000\040\000l\040\031\000e\000n\000v\000i\000r\000o\000n\000n\000e\000m\000e\000n\000t\000\040\000d\000e\000\040\000t\000r\000a\000v\000a\000i\000l}{subsection.1.0.1}% 8
\BOOKMARK [0][-]{chapter.2}{\376\377\000D\000e\000s\000c\000r\000i\000p\000t\000i\000o\000n\000\040\000d\000u\000\040\000t\000r\000a\000v\000a\000i\000l\000\040\000o\000b\000j\000e\000c\000t\000i\000f\000s\000\040\000e\000t\000\040\000\351\000t\000a\000t\000\040\000d\000e\000\040\000l\000'\000a\000r\000t}{}% 9
\BOOKMARK [1][-]{section.2.1}{\376\377\000P\000r\000\351\000s\000e\000n\000t\000a\000t\000i\000o\000n\000\040\000d\000u\000\040\000s\000u\000j\000e\000t\000\040\000e\000t\000\040\000p\000r\000o\000b\000l\000\351\000m\000a\000t\000i\000q\000u\000e\000\040\000g\000\351\000n\000\351\000r\000a\000l\000e}{chapter.2}% 10
\BOOKMARK [1][-]{section.2.2}{\376\377\000Q\000u\000e\000l\000q\000u\000e\000s\000\040\000n\000o\000t\000i\000o\000n\000s\000\040\000t\000e\000c\000h\000n\000i\000q\000u\000e\000s}{chapter.2}% 11
\BOOKMARK [2][-]{subsection.2.2.1}{\376\377\000I\000n\000t\000\351\000g\000r\000a\000t\000i\000o\000n\000s\000\040\000d\000e\000s\000\040\000E\000D\000O\000s}{section.2.2}% 12
\BOOKMARK [2][-]{subsection.2.2.2}{\376\377\000L\000e\000s\000\040\000\351\000q\000u\000a\000t\000i\000o\000n\000s\000\040\000d\000'\000a\000d\000v\000e\000c\000t\000i\000o\000n\000-\000d\000i\000f\000f\000u\000s\000i\000o\000n\000-\000r\000\351\000a\000c\000t\000i\000o\000n}{section.2.2}% 13
\BOOKMARK [2][-]{subsection.2.2.3}{\376\377\000S\000i\000m\000u\000l\000a\000t\000i\000o\000n\000\040\000d\000e\000s\000\040\000E\000D\000P\000s\000\040\000d\000'\000\351\000v\000o\000l\000u\000t\000i\000o\000n}{section.2.2}% 14
\BOOKMARK [2][-]{subsection.2.2.4}{\376\377\000A\000n\000a\000l\000y\000s\000e\000\040\000d\000e\000\040\000s\000c\000h\000\351\000m\000a\000\040\000n\000u\000m\000\351\000r\000i\000q\000u\000e\000s}{section.2.2}% 15
\BOOKMARK [2][-]{subsection.2.2.5}{\376\377\000L\000a\000\040\000M\000u\000l\000t\000i\000r\000\351\000s\000o\000l\000u\000t\000i\000o\000n\000\040\000A\000d\000a\000p\000t\000a\000t\000i\000v\000e}{section.2.2}% 16
\BOOKMARK [1][-]{section.2.3}{\376\377\000O\000b\000j\000e\000c\000t\000i\000f\000s}{chapter.2}% 17
\BOOKMARK [1][-]{section.2.4}{\376\377\000M\000\351\000t\000h\000o\000d\000e\000\040\000d\000e\000\040\000t\000r\000a\000v\000a\000i\000l\000\040\000e\000t\000\040\000o\000u\000t\000i\000l\000s}{chapter.2}% 18
\BOOKMARK [0][-]{chapter.3}{\376\377\000C\000o\000n\000t\000r\000i\000b\000u\000t\000i\000o\000n}{}% 19
\BOOKMARK [1][-]{section.3.1}{\376\377\000\311\000t\000u\000d\000e\000\040\000d\000e\000\040\000m\000\351\000t\000h\000o\000d\000e\000s\000\040\000I\000m\000E\000x\000\040\000s\000u\000r\000\040\000u\000n\000e\000\040\000\351\000q\000u\000a\000t\000i\000o\000n\000\040\000d\000e\000\040\000d\000i\000f\000f\000u\000s\000i\000o\000n\000-\000r\000\351\000a\000c\000t\000i\000o\000n}{chapter.3}% 20
\BOOKMARK [2][-]{subsection.3.1.1}{\376\377\000L\000'\000\351\000q\000u\000a\000t\000i\000o\000n\000\040\000d\000e\000\040\000N\000a\000g\000u\000m\000o}{section.3.1}% 21
\BOOKMARK [2][-]{subsection.3.1.2}{\376\377\000L\000e\000s\000\040\000m\000\351\000t\000h\000o\000d\000e\000s\000\040\000I\000m\000E\000x}{section.3.1}% 22
\BOOKMARK [2][-]{subsection.3.1.3}{\376\377\000A\000n\000a\000l\000y\000s\000e\000\040\000d\000e\000\040\000s\000t\000a\000b\000i\000l\000i\000t\000\351}{section.3.1}% 23
\BOOKMARK [2][-]{subsection.3.1.4}{\376\377\000\311\000t\000u\000d\000e\000\040\000d\000e\000\040\000l\000a\000\040\000c\000o\000n\000v\000e\000r\000g\000e\000n\000c\000e}{section.3.1}% 24
\BOOKMARK [2][-]{subsection.3.1.5}{\376\377\000C\000o\000n\000c\000l\000u\000s\000i\000o\000n}{section.3.1}% 25
\BOOKMARK [1][-]{section.3.2}{\376\377\000I\000m\000p\000a\000c\000t\000\040\000d\000e\000\040\000l\000a\000\040\000m\000u\000l\000t\000i\000r\000\351\000s\000o\000l\000u\000t\000i\000o\000n\000\040\000a\000d\000a\000p\000t\000a\000t\000i\000v\000e\000\040\000s\000u\000r\000\040\000l\000'\000e\000r\000r\000e\000u\000r\000\040\000d\000'\000u\000n\000e\000\040\000m\000\351\000t\000h\000o\000d\000e\000\040\000d\000e\000s\000\040\000l\000i\000g\000n\000e\000s}{chapter.3}% 26
\BOOKMARK [2][-]{subsection.3.2.1}{\376\377\000C\000a\000d\000r\000e\000\040\000d\000e\000\040\000l\000'\000\351\000t\000u\000d\000e}{section.3.2}% 27
\BOOKMARK [2][-]{subsection.3.2.2}{\376\377\000L\000e\000s\000\040\000\351\000q\000u\000a\000t\000i\000o\000n\000s\000\040\000\351\000q\000u\000i\000v\000a\000l\000e\000n\000t\000e\000s}{section.3.2}% 28
\BOOKMARK [2][-]{subsection.3.2.3}{\376\377\000C\000o\000m\000p\000a\000r\000a\000i\000s\000o\000n}{section.3.2}% 29
\BOOKMARK [2][-]{subsection.3.2.4}{\376\377\000C\000o\000n\000c\000l\000u\000s\000i\000o\000n}{section.3.2}% 30
\BOOKMARK [2][-]{subsection.3.2.5}{\376\377\000C\000o\000m\000p\000l\000\351\000m\000e\000n\000t\000\040\000e\000x\000p\000\351\000r\000i\000m\000e\000n\000t\000a\000l}{section.3.2}% 31
\BOOKMARK [2][-]{subsection.3.2.6}{\376\377\000C\000o\000n\000c\000l\000u\000s\000i\000o\000n}{section.3.2}% 32
\BOOKMARK [0][-]{chapter.4}{\376\377\000C\000o\000n\000c\000l\000u\000s\000i\000o\000n}{}% 33
\BOOKMARK [0][-]{chapter.4}{\376\377\000B\000i\000b\000l\000i\000o\000g\000r\000a\000p\000h\000i\000e}{}% 34
\BOOKMARK [1][-]{section.Alph0.1}{\376\377\000A\000n\000n\000e\000x\000e\000\040\000A\000\040\000:\000\040\000T\000i\000t\000r\000e\000\040\000d\000e\000\040\000l\000'\000a\000n\000n\000e\000x\000e}{chapter.4}% 35
\BOOKMARK [1][-]{section.Alph0.2}{\376\377\000A\000n\000n\000e\000x\000e\000\040\000B\000\040\000:\000\040\000T\000i\000t\000r\000e\000\040\000d\000e\000\040\000l\000'\000a\000n\000n\000e\000x\000e}{chapter.4}% 36
